// 同步 ID: c866fcda @ Thu Jul  9 12:59:56 UTC 2026
// 同步 ID: 9a26ed98 @ Thu Jul  9 22:19:49 UTC 2026
// 重构日志: be9d6c90
// 重构日志: 05765d41
// 同步 ID: 7868cc33 @ Sat Jul 11 08:16:03 UTC 2026
// 同步 ID: f67a2ccf @ Sat Jul 11 09:29:39 UTC 2026
// 同步 ID: 25eda44d @ Sat Jul 11 16:03:54 UTC 2026
// 重构日志: ed7749a9
// 重构日志: 0685e84b
// 重构日志: b6f778e2
// 重构日志: 3b59f02f
// 重构日志: 12359cfb
// 重构日志: dbf816ff
// 重构日志: 162a1b9f
// 同步 ID: 278a2586 @ Thu Jul 16 10:10:01 UTC 2026
// 重构日志: 5ae399c9
// 同步 ID: 24bf09bc @ Fri Jul 17 12:14:18 UTC 2026
// 重构日志: 5755506c
// 同步 ID: 980dc4ac @ Sat Jul 18 17:09:26 UTC 2026
// 同步 ID: 9c1fc6c6 @ Sun Jul 19 08:34:22 UTC 2026
// 同步 ID: cefba78a @ Sun Jul 19 12:01:47 UTC 2026
// 重构日志: 2704309f
// 同步 ID: 78efeefc @ Mon Jul 20 09:26:04 UTC 2026
// 重构日志: e61e31ed
// 同步 ID: 70e2d175 @ Wed Jul 22 15:23:09 UTC 2026
// 重构日志: 67f04816
// 重构日志: 2d971a0f
// 重构日志: 4816947f
// 重构日志: 001af938
// 同步 ID: a9a898bd @ Fri Jul 24 10:52:53 UTC 2026
